<?xml version="1.0" encoding="UTF-8"?>
<testsuite name="SomeClassTest" tests="1" skipped="0" failures="0" errors="0" timestamp="2020-11-05T06:52:36" hostname="UNIT-1249" time="0.002">
  <properties/>
  <testcase name="testSomeClass" classname="SomeClassTest" time="0.002"/>
  <system-out><![CDATA[]]></system-out>
  <system-err><![CDATA[]]></system-err>
</testsuite>
